<?xml version="1.0" encoding="UTF-8"?>
<testng-results skipped="0" failed="0" total="0" passed="0">
  <reporter-output>
  </reporter-output>
  <suite name="Suite" duration-ms="173" started-at="2021-08-07T13:32:52Z" finished-at="2021-08-07T13:32:52Z">
    <groups>
      <group name="cucumber">
        <method signature="AbstractTestNGCucumberTests.runScenario(io.cucumber.testng.PickleEventWrapper, io.cucumber.testng.CucumberFeatureWrapper)[pri:0, instance:com.rediff.CucumberOptions.RediffRunner@dd3b207]" name="runScenario" class="io.cucumber.testng.AbstractTestNGCucumberTests"/>
      </group> <!-- cucumber -->
    </groups>
    <test name="RediffRunnerTest" duration-ms="173" started-at="2021-08-07T13:32:52Z" finished-at="2021-08-07T13:32:52Z">
      <class name="com.rediff.CucumberOptions.RediffRunner">
        <test-method status="PASS" signature="setUpClass()[pri:0, instance:com.rediff.CucumberOptions.RediffRunner@dd3b207]" name="setUpClass" is-config="true" duration-ms="136" started-at="2021-08-07T19:02:52Z" finished-at="2021-08-07T19:02:52Z">
          <reporter-output>
          </reporter-output>
        </test-method> <!-- setUpClass -->
        <test-method status="PASS" signature="tearDownClass()[pri:0, instance:com.rediff.CucumberOptions.RediffRunner@dd3b207]" name="tearDownClass" is-config="true" duration-ms="2" started-at="2021-08-07T19:02:52Z" finished-at="2021-08-07T19:02:52Z">
          <reporter-output>
          </reporter-output>
        </test-method> <!-- tearDownClass -->
      </class> <!-- com.rediff.CucumberOptions.RediffRunner -->
    </test> <!-- RediffRunnerTest -->
  </suite> <!-- Suite -->
</testng-results>
